<?xml version="1.0" encoding="UTF-8"?>
<testsuite name="com.aor.numbers.ListSorterTest" tests="2" skipped="0" failures="0" errors="0" timestamp="2023-10-20T17:08:31" hostname="MBPdeRodrigo4.Home" time="0.002">
  <properties/>
  <testcase name="sort_8276()" classname="com.aor.numbers.ListSorterTest" time="0.001"/>
  <testcase name="sort()" classname="com.aor.numbers.ListSorterTest" time="0.001"/>
  <system-out><![CDATA[]]></system-out>
  <system-err><![CDATA[]]></system-err>
</testsuite>
