<?xml version="1.0" encoding="UTF-8"?>
<testsuite name="com.aor.numbers.ListDeduplicatorTest" tests="2" skipped="0" failures="0" errors="0" timestamp="2023-10-20T17:08:31" hostname="MBPdeRodrigo4.Home" time="0.003">
  <properties/>
  <testcase name="deduplicate_8276()" classname="com.aor.numbers.ListDeduplicatorTest" time="0.002"/>
  <testcase name="deduplicate()" classname="com.aor.numbers.ListDeduplicatorTest" time="0.001"/>
  <system-out><![CDATA[]]></system-out>
  <system-err><![CDATA[]]></system-err>
</testsuite>
